f:\antihack\dll1\release\helper.pch
f:\antihack\dll1\release\vc143.pdb
f:\antihack\dll1\release\pch.obj
f:\antihack\dll1\release\fileprotection.obj
f:\antihack\dll1\release\encryptionlib.obj
f:\antihack\dll1\release\dllmain.obj
f:\antihack\release\helper.dll
f:\antihack\release\helper.pdb
f:\antihack\release\helper.lib
f:\antihack\release\helper.exp
f:\antihack\dll1\release\helper.ipdb
f:\antihack\dll1\release\helper.iobj
f:\antihack\dll1\release\helper.tlog\cl.command.1.tlog
f:\antihack\dll1\release\helper.tlog\cl.items.tlog
f:\antihack\dll1\release\helper.tlog\cl.read.1.tlog
f:\antihack\dll1\release\helper.tlog\cl.write.1.tlog
f:\antihack\dll1\release\helper.tlog\link.command.1.tlog
f:\antihack\dll1\release\helper.tlog\link.read.1.tlog
f:\antihack\dll1\release\helper.tlog\link.secondary.1.tlog
f:\antihack\dll1\release\helper.tlog\link.write.1.tlog
